<?xml version="1.0" encoding="UTF-8"?>
<!-- Generated by org.testng.reporters.JUnitXMLReporter -->
<testsuite ignored="0" hostname="asdf" failures="2" tests="11" name="Test" time="117.98" errors="0" timestamp="03 Sep 2024 16:54:19 GMT">
  <testcase classname="com.test3.ReRunFailedTestCases" name="amazonLogin" time="40.13">
    <skipped/>
  </testcase> <!-- amazonLogin -->
  <testcase classname="com.test3.ReRunFailedTestCases" name="amazonLogin" time="24.834">
    <skipped/>
  </testcase> <!-- amazonLogin -->
  <testcase classname="com.test3.ReRunFailedTestCases" name="amazonLogin" time="14.445">
    <skipped/>
  </testcase> <!-- amazonLogin -->
  <testcase classname="com.test3.ReRunFailedTestCases" name="amazonLogin" time="9.006">
    <skipped/>
  </testcase> <!-- amazonLogin -->
  <testcase classname="com.test3.ReRunFailedTestCases" name="amazonLogin" time="20.41">
    <failure type="junit.framework.AssertionFailedError">
      <![CDATA[junit.framework.AssertionFailedError
at junit.framework.Assert.fail(Assert.java:55)
at junit.framework.Assert.fail(Assert.java:64)
at com.test3.ReRunFailedTestCases.amazonLogin(ReRunFailedTestCases.java:24)
... Removed 25 stack frames]]>
    </failure>
  </testcase> <!-- amazonLogin -->
  <testcase classname="com.test3.ReRunFailedTestCases" name="chatGpt" time="8.853"/>
  <testcase classname="com.test3.ReRunFailedTestCases" name="facebookLogin" time="0.01">
    <skipped/>
  </testcase> <!-- facebookLogin -->
  <testcase classname="com.test3.ReRunFailedTestCases" name="facebookLogin" time="0.003">
    <skipped/>
  </testcase> <!-- facebookLogin -->
  <testcase classname="com.test3.ReRunFailedTestCases" name="facebookLogin" time="0.005">
    <skipped/>
  </testcase> <!-- facebookLogin -->
  <testcase classname="com.test3.ReRunFailedTestCases" name="facebookLogin" time="0.002">
    <skipped/>
  </testcase> <!-- facebookLogin -->
  <testcase classname="com.test3.ReRunFailedTestCases" name="facebookLogin" time="0.003">
    <failure type="junit.framework.AssertionFailedError" message="expected:&amp;lt;true&amp;gt; but was:&amp;lt;false&amp;gt;">
      <![CDATA[junit.framework.AssertionFailedError: expected:<true> but was:<false>
at junit.framework.Assert.fail(Assert.java:57)
at junit.framework.Assert.failNotEquals(Assert.java:329)
at junit.framework.Assert.assertEquals(Assert.java:78)
at junit.framework.Assert.assertEquals(Assert.java:174)
at junit.framework.Assert.assertEquals(Assert.java:181)
at com.test3.ReRunFailedTestCases.facebookLogin(ReRunFailedTestCases.java:13)
... Removed 25 stack frames]]>
    </failure>
  </testcase> <!-- facebookLogin -->
</testsuite> <!-- Test -->
